<?xml version="1.0" encoding="UTF-8"?>
<!-- Generated by org.testng.reporters.JUnitXMLReporter -->
<testsuite hostname="user-PC" ignored="9" name="SBI test" tests="2" failures="1" timestamp="16 Feb 2019 07:22:46 GMT" time="0.032" errors="0">
  <testcase name="loan1SBI" time="0.007" classname="SBI.LoanSBI">
    <failure type="java.lang.AssertionError" message="Loan process is not completed expected [true] but found [false]">
      <![CDATA[java.lang.AssertionError: Loan process is not completed expected [true] but found [false]
at org.testng.Assert.fail(Assert.java:96)
at org.testng.Assert.failNotEquals(Assert.java:776)
at org.testng.Assert.assertTrue(Assert.java:44)
at SBI.LoanSBI.loan1SBI(LoanSBI.java:37)
at sun.reflect.NativeMethodAccessorImpl.invoke0(Native Method)
at sun.reflect.NativeMethodAccessorImpl.invoke(Unknown Source)
at sun.reflect.DelegatingMethodAccessorImpl.invoke(Unknown Source)
at java.lang.reflect.Method.invoke(Unknown Source)
at org.testng.internal.MethodInvocationHelper.invokeMethod(MethodInvocationHelper.java:124)
at org.testng.internal.Invoker.invokeMethod(Invoker.java:580)
at org.testng.internal.Invoker.invokeTestMethod(Invoker.java:716)
at org.testng.internal.Invoker.invokeTestMethods(Invoker.java:988)
at org.testng.internal.TestMethodWorker.invokeTestMethods(TestMethodWorker.java:125)
at org.testng.internal.TestMethodWorker.run(TestMethodWorker.java:109)
at org.testng.TestRunner.privateRun(TestRunner.java:648)
at org.testng.TestRunner.run(TestRunner.java:505)
at org.testng.SuiteRunner.runTest(SuiteRunner.java:455)
at org.testng.SuiteRunner.runSequentially(SuiteRunner.java:450)
at org.testng.SuiteRunner.privateRun(SuiteRunner.java:415)
at org.testng.SuiteRunner.run(SuiteRunner.java:364)
at org.testng.SuiteRunnerWorker.runSuite(SuiteRunnerWorker.java:52)
at org.testng.SuiteRunnerWorker.run(SuiteRunnerWorker.java:84)
at org.testng.TestNG.runSuitesSequentially(TestNG.java:1208)
at org.testng.TestNG.runSuitesLocally(TestNG.java:1137)
at org.testng.TestNG.runSuites(TestNG.java:1049)
at org.testng.TestNG.run(TestNG.java:1017)
at org.testng.remote.AbstractRemoteTestNG.run(AbstractRemoteTestNG.java:114)
at org.testng.remote.RemoteTestNG.initAndRun(RemoteTestNG.java:251)
at org.testng.remote.RemoteTestNG.main(RemoteTestNG.java:77)
]]>
    </failure>
  </testcase> <!-- loan1SBI -->
  <testcase name="allocation1SBI" time="0.001" classname="SBI.AllocationSBI"/>
  <testcase name="@AfterTest closeBrowser" time="0.0" classname="Base.BaseSBITest">
    <ignored/>
  </testcase> <!-- @AfterTest closeBrowser -->
  <testcase name="@AfterTest closeBrowser" time="0.0" classname="Base.BaseSBITest">
    <ignored/>
  </testcase> <!-- @AfterTest closeBrowser -->
  <testcase name="@AfterSuite closeAllConnection" time="0.0" classname="Base.BaseSuite">
    <ignored/>
  </testcase> <!-- @AfterSuite closeAllConnection -->
  <testcase name="@AfterSuite closeAllConnection" time="0.0" classname="Base.BaseSuite">
    <ignored/>
  </testcase> <!-- @AfterSuite closeAllConnection -->
  <testcase name="allocation2SBI" time="0.0" classname="SBI.AllocationSBI">
    <ignored/>
  </testcase> <!-- allocation2SBI -->
  <testcase name="@BeforeSuite createWebDriver" time="0.0" classname="Base.BaseSuite">
    <ignored/>
  </testcase> <!-- @BeforeSuite createWebDriver -->
  <testcase name="@BeforeSuite createWebDriver" time="0.0" classname="Base.BaseSuite">
    <ignored/>
  </testcase> <!-- @BeforeSuite createWebDriver -->
  <testcase name="@BeforeTest navigatetoSBI" time="0.0" classname="Base.BaseSBITest">
    <ignored/>
  </testcase> <!-- @BeforeTest navigatetoSBI -->
  <testcase name="@BeforeTest navigatetoSBI" time="0.0" classname="Base.BaseSBITest">
    <ignored/>
  </testcase> <!-- @BeforeTest navigatetoSBI -->
</testsuite> <!-- SBI test -->
